<?xml version="1.0" encoding="UTF-8"?>
<testng-results ignored="0" total="2" passed="2" failed="0" skipped="0">
  <reporter-output>
  </reporter-output>
  <suite started-at="2022-11-18T10:19:06 IST" name="Suite" finished-at="2022-11-18T10:19:11 IST" duration-ms="5540">
    <groups>
    </groups>
    <test started-at="2022-11-18T10:19:06 IST" name="TestOnChrome" finished-at="2022-11-18T10:19:10 IST" duration-ms="4527">
      <class name="com.qa.parallel.cross_browser">
        <test-method is-config="true" signature="LauchBrowser1(java.lang.String)[pri:0, instance:com.qa.parallel.cross_browser@4efc180e]" started-at="2022-11-18T10:19:06 IST" name="LauchBrowser1" finished-at="2022-11-18T10:19:08 IST" duration-ms="2393" status="PASS">
          <params>
            <param index="0">
              <value>
                <![CDATA[chrome]]>
              </value>
            </param>
          </params>
          <reporter-output>
          </reporter-output>
        </test-method> <!-- LauchBrowser1 -->
        <test-method signature="verifyTitel1()[pri:0, instance:com.qa.parallel.cross_browser@4efc180e]" started-at="2022-11-18T10:19:08 IST" name="verifyTitel1" finished-at="2022-11-18T10:19:10 IST" duration-ms="2088" status="PASS">
          <reporter-output>
          </reporter-output>
        </test-method> <!-- verifyTitel1 -->
      </class> <!-- com.qa.parallel.cross_browser -->
    </test> <!-- TestOnChrome -->
    <test started-at="2022-11-18T10:19:06 IST" name="TestOneMsedge" finished-at="2022-11-18T10:19:11 IST" duration-ms="5540">
      <class name="com.qa.parallel.cross_browser">
        <test-method is-config="true" signature="LauchBrowser1(java.lang.String)[pri:0, instance:com.qa.parallel.cross_browser@2dc54ad4]" started-at="2022-11-18T10:19:06 IST" name="LauchBrowser1" finished-at="2022-11-18T10:19:10 IST" duration-ms="4142" status="PASS">
          <params>
            <param index="0">
              <value>
                <![CDATA[msedge]]>
              </value>
            </param>
          </params>
          <reporter-output>
          </reporter-output>
        </test-method> <!-- LauchBrowser1 -->
        <test-method signature="verifyTitel1()[pri:0, instance:com.qa.parallel.cross_browser@2dc54ad4]" started-at="2022-11-18T10:19:10 IST" name="verifyTitel1" finished-at="2022-11-18T10:19:11 IST" duration-ms="1362" status="PASS">
          <reporter-output>
          </reporter-output>
        </test-method> <!-- verifyTitel1 -->
      </class> <!-- com.qa.parallel.cross_browser -->
    </test> <!-- TestOneMsedge -->
  </suite> <!-- Suite -->
</testng-results>
